<?xml version="1.0" encoding="UTF-8"?>
<!-- Generated by org.testng.reporters.JUnitReportReporter -->
<testsuite hostname="LAPTOP-JRMDTEH4" name="assignment.TestCase2" tests="1" failures="0" timestamp="10 May 2021 09:02:30 GMT" time="2.505" errors="0">
  <testcase name="multiplyWSDL" time="2.505" classname="assignment.TestCase2"/>
</testsuite> <!-- assignment.TestCase2 -->
