<?xml version="1.0" encoding="UTF-8"?>
<!-- Generated by org.testng.reporters.JUnitReportReporter -->
<testsuite hostname="LAPTOP-JRMDTEH4" name="assignment.TestCase1" tests="3" failures="0" timestamp="10 May 2021 07:40:54 GMT" time="1.928" errors="0">
  <testcase name="postTeacher" time="1.796" classname="assignment.TestCase1"/>
  <testcase name="postTeacher" time="0.079" classname="assignment.TestCase1"/>
  <testcase name="postTeacher" time="0.053" classname="assignment.TestCase1"/>
</testsuite> <!-- assignment.TestCase1 -->
